#
# A fatal error has been detected by the Java Runtime Environment:
#
#  EXCEPTION_ACCESS_VIOLATION (0xc0000005) at pc=0x00000000665c7e5a, pid=10800, tid=0x0000000000001998
#
# JRE version: Java(TM) SE Runtime Environment (8.0_121-b13) (build 1.8.0_121-b13)
# Java VM: Java HotSpot(TM) 64-Bit Server VM (25.121-b13 mixed mode windows-amd64 compressed oops)
# Problematic frame:
# V  [jvm.dll+0x3f7e5a]
#
# Failed to write core dump. Minidumps are not enabled by default on client versions of Windows
#
# If you would like to submit a bug report, please visit:
#   http://bugreport.java.com/bugreport/crash.jsp
#

---------------  T H R E A D  ---------------

Current thread (0x00000000023d2000):  GCTaskThread [stack: 0x0000000012550000,0x0000000012650000] [id=6552]

siginfo: ExceptionCode=0xc0000005, reading address 0xffffffffffffffff

Registers:
RAX=0x7400000006000000, RBX=0x000000000001563d, RCX=0x0000000000200065, RDX=0x00000000576fa740
RSP=0x000000001264fad0, RBP=0x0000000000000000, RSI=0x00000000576fa740, RDI=0x00000000b6ccc320
R8 =0x00000000b7474a60, R9 =0x0000000000200065, R10=0x000000000000000c, R11=0x000000000001563d
R12=0x00000000023d2510, R13=0x00000000023d28e8, R14=0x00000000000003d8, R15=0x0000000000000000
RIP=0x00000000665c7e5a, EFLAGS=0x0000000000010206

Top of Stack: (sp=0x000000001264fad0)
0x000000001264fad0:   0000000057deb228 0000000000000000
0x000000001264fae0:   00000000576fa740 00000000023d2510
0x000000001264faf0:   00095d5800016ba6 00095d5900016ba6
0x000000001264fb00:   0000000000000000 0000000000000000
0x000000001264fb10:   0000000000000000 000000005e1a2000
0x000000001264fb20:   0000000000000001 00000000d5cce301
0x000000001264fb30:   0000a684b9a5c54b 00000000023d28e8
0x000000001264fb40:   00000000023d2510 00000000000003d8
0x000000001264fb50:   00000000023d2510 00000000023ccd40
0x000000001264fb60:   00000000023d2500 000000005f9f44d0
0x000000001264fb70:   00000000576fa740 00000000665c4da3
0x000000001264fb80:   00000000b7474a60 00095d5800016ba6
0x000000001264fb90:   00095d5900016ba6 00000000663ed532
0x000000001264fba0:   00000000668233d0 0000000000000000
0x000000001264fbb0:   00000000576fa740 00000000667cba70
0x000000001264fbc0:   00000000023c8f00 000000001264fba0 

Instructions: (pc=0x00000000665c7e5a)
0x00000000665c7e3a:   00 74 28 8b 0d 65 79 3a 00 45 8b 48 08 48 8b d6
0x00000000665c7e4a:   49 d3 e1 4c 03 0d 4c 79 3a 00 49 8b c9 49 8b 01
0x00000000665c7e5a:   ff 90 08 01 00 00 e9 1b ff ff ff 4d 8b 48 08 48
0x00000000665c7e6a:   8b d6 49 8b 01 49 8b c9 ff 90 08 01 00 00 e9 03 


Register to memory mapping:

RAX=0x7400000006000000 is an unknown value
RBX=0x000000000001563d is an unknown value
RCX=0x0000000000200065 is an unknown value
RDX=0x00000000576fa740 is an unknown value
RSP=0x000000001264fad0 is an unknown value
RBP=0x0000000000000000 is an unknown value
RSI=0x00000000576fa740 is an unknown value
RDI=0x00000000b6ccc320 is an oop
java.util.concurrent.LinkedBlockingQueue$Node 
 - klass: 'java/util/concurrent/LinkedBlockingQueue$Node'
R8 =
[error occurred during error reporting (printing register info), id 0xc0000005]

Stack: [0x0000000012550000,0x0000000012650000],  sp=0x000000001264fad0,  free space=1022k
Native frames: (J=compiled Java code, j=interpreted, Vv=VM code, C=native code)


---------------  P R O C E S S  ---------------

Java Threads: ( => current thread )
  0x000000005e196000 JavaThread "http-nio-8090-exec-8" daemon [_thread_blocked, id=9752, stack(0x0000000066db0000,0x0000000066eb0000)]
  0x000000005e19e800 JavaThread "http-nio-8090-exec-7" daemon [_thread_blocked, id=5848, stack(0x0000000066ca0000,0x0000000066da0000)]
  0x000000005e194000 JavaThread "http-nio-8090-exec-6" daemon [_thread_blocked, id=9260, stack(0x0000000065a30000,0x0000000065b30000)]
  0x000000005e19a800 JavaThread "http-nio-8090-exec-5" daemon [_thread_blocked, id=9740, stack(0x0000000062c10000,0x0000000062d10000)]
  0x00000000614e7800 JavaThread "http-nio-8090-exec-4" daemon [_thread_blocked, id=7764, stack(0x00000000640b0000,0x00000000641b0000)]
  0x00000000614e6000 JavaThread "http-nio-8090-exec-3" daemon [_thread_blocked, id=10836, stack(0x0000000063f00000,0x0000000064000000)]
  0x00000000614e5000 JavaThread "http-nio-8090-exec-2" daemon [_thread_blocked, id=11220, stack(0x000000005bcb0000,0x000000005bdb0000)]
  0x000000005e19b800 JavaThread "http-nio-8090-exec-1" daemon [_thread_blocked, id=7004, stack(0x0000000063bc0000,0x0000000063cc0000)]
  0x000000005cade000 JavaThread "http-nio-8090-AsyncTimeout" daemon [_thread_blocked, id=7468, stack(0x0000000064950000,0x0000000064a50000)]
  0x000000005cae0800 JavaThread "http-nio-8090-Acceptor-0" daemon [_thread_in_native, id=10100, stack(0x0000000066ac0000,0x0000000066bc0000)]
  0x000000005cae4000 JavaThread "http-nio-8090-ClientPoller-1" daemon [_thread_blocked, id=11172, stack(0x0000000065f10000,0x0000000066010000)]
  0x00000000614e4800 JavaThread "http-nio-8090-ClientPoller-0" daemon [_thread_blocked, id=9072, stack(0x0000000065da0000,0x0000000065ea0000)]
  0x00000000614e3800 JavaThread "NioBlockingSelector.BlockPoller-9" daemon [_thread_blocked, id=5208, stack(0x0000000065bd0000,0x0000000065cd0000)]
  0x00000000614e2000 JavaThread "task-scheduler-10" [_thread_blocked, id=4364, stack(0x00000000646e0000,0x00000000647e0000)]
  0x00000000614e1800 JavaThread "task-scheduler-9" [_thread_blocked, id=10236, stack(0x0000000063aa0000,0x0000000063ba0000)]
  0x00000000614e0800 JavaThread "task-scheduler-8" [_thread_blocked, id=1972, stack(0x0000000064830000,0x0000000064930000)]
  0x00000000614e3000 JavaThread "task-scheduler-7" [_thread_blocked, id=7884, stack(0x0000000059390000,0x0000000059490000)]
  0x000000005e197000 JavaThread "task-scheduler-6" [_thread_blocked, id=8052, stack(0x00000000618c0000,0x00000000619c0000)]
  0x000000005e1a3000 JavaThread "task-scheduler-5" [_thread_blocked, id=6368, stack(0x00000000645d0000,0x00000000646d0000)]
  0x000000005e197800 JavaThread "task-scheduler-4" [_thread_blocked, id=7324, stack(0x000000005a660000,0x000000005a760000)]
  0x000000005e19d800 JavaThread "task-scheduler-3" [_thread_blocked, id=7480, stack(0x00000000642f0000,0x00000000643f0000)]
  0x000000005e1a2000 JavaThread "executor-2" [_thread_blocked, id=10908, stack(0x00000000641f0000,0x00000000642f0000)]
  0x000000005e1a0000 JavaThread "task-scheduler-2" [_thread_blocked, id=9300, stack(0x0000000063d80000,0x0000000063e80000)]
  0x000000005e19f000 JavaThread "executor-1" [_thread_blocked, id=11156, stack(0x0000000059810000,0x0000000059910000)]
  0x000000005e19d000 JavaThread "task-scheduler-1" [_thread_blocked, id=1604, stack(0x0000000063250000,0x0000000063350000)]
  0x000000005e199000 JavaThread "File Watcher" daemon [_thread_blocked, id=4176, stack(0x0000000063990000,0x0000000063a90000)]
  0x000000005e194800 JavaThread "Tomcat JDBC Pool Cleaner[1984697014:1490539835490]" daemon [_thread_blocked, id=10116, stack(0x0000000063620000,0x0000000063720000)]
  0x000000005e198800 JavaThread "container-0" [_thread_blocked, id=7868, stack(0x0000000063150000,0x0000000063250000)]
  0x000000005e1a0800 JavaThread "ContainerBackgroundProcessor[StandardEngine[Tomcat]]" daemon [_thread_blocked, id=7920, stack(0x0000000062fc0000,0x00000000630c0000)]
  0x000000005e19a000 JavaThread "DestroyJavaVM" [_thread_blocked, id=3516, stack(0x0000000002520000,0x0000000002620000)]
  0x000000005e195800 JavaThread "Live Reload Server" daemon [_thread_in_native, id=9460, stack(0x0000000062a80000,0x0000000062b80000)]
  0x000000005a052000 JavaThread "Abandoned connection cleanup thread" daemon [_thread_blocked, id=10324, stack(0x00000000605f0000,0x00000000606f0000)]
  0x0000000059e11800 JavaThread "RMI TCP Accept-0" daemon [_thread_in_native, id=6196, stack(0x000000005a790000,0x000000005a890000)]
  0x0000000059ada000 JavaThread "RMI TCP Accept-61400" daemon [_thread_in_native, id=11176, stack(0x000000005a510000,0x000000005a610000)]
  0x0000000059d74000 JavaThread "RMI TCP Accept-0" daemon [_thread_in_native, id=1108, stack(0x000000005a350000,0x000000005a450000)]
  0x0000000058ff3000 JavaThread "Service Thread" daemon [_thread_blocked, id=9464, stack(0x0000000059700000,0x0000000059800000)]
  0x0000000058f7f000 JavaThread "C1 CompilerThread2" daemon [_thread_blocked, id=8788, stack(0x0000000059490000,0x0000000059590000)]
  0x0000000058f74000 JavaThread "C2 CompilerThread1" daemon [_thread_blocked, id=7400, stack(0x0000000058c30000,0x0000000058d30000)]
  0x0000000058f60800 JavaThread "C2 CompilerThread0" daemon [_thread_blocked, id=9112, stack(0x00000000589c0000,0x0000000058ac0000)]
  0x00000000577ee800 JavaThread "Attach Listener" daemon [_thread_blocked, id=7560, stack(0x0000000058e60000,0x0000000058f60000)]
  0x00000000577eb000 JavaThread "Signal Dispatcher" daemon [_thread_blocked, id=1608, stack(0x0000000058d60000,0x0000000058e60000)]
  0x00000000577cd000 JavaThread "Finalizer" daemon [_thread_blocked, id=9184, stack(0x0000000058b30000,0x0000000058c30000)]
  0x0000000057786000 JavaThread "Reference Handler" daemon [_thread_blocked, id=7848, stack(0x0000000058880000,0x0000000058980000)]

Other Threads:
  0x000000005777e000 VMThread [stack: 0x0000000058740000,0x0000000058840000] [id=4444]
  0x0000000059e13000 WatcherThread [stack: 0x000000005a990000,0x000000005aa90000] [id=1340]

=>0x00000000023d2000 (exited) GCTaskThread [stack: 0x0000000012550000,0x0000000012650000] [id=6552]

VM state:at safepoint (normal execution)

VM Mutex/Monitor currently owned by a thread:  ([mutex/lock_event])
[0x00000000023b9980] Threads_lock - owner thread: 0x000000005777e000
[0x00000000023b9e80] Heap_lock - owner thread: 0x000000005e1a0000

Heap:
 PSYoungGen      total 525824K, used 375296K [0x00000000d5d00000, 0x00000000ffb00000, 0x0000000100000000)
  eden space 375296K, 100% used [0x00000000d5d00000,0x00000000ecb80000,0x00000000ecb80000)
  from space 150528K, 0% used [0x00000000ecb80000,0x00000000ecb80000,0x00000000f5e80000)
  to   space 144896K, 0% used [0x00000000f6d80000,0x00000000f6d80000,0x00000000ffb00000)
 ParOldGen       total 1383424K, used 1383224K [0x0000000081600000, 0x00000000d5d00000, 0x00000000d5d00000)
  object space 1383424K, 99% used [0x0000000081600000,0x00000000d5cce3d0,0x00000000d5d00000)
 Metaspace       used 57747K, capacity 58512K, committed 59608K, reserved 1101824K
  class space    used 7175K, capacity 7470K, committed 7680K, reserved 1048576K

Card table byte_map: [0x0000000011cb0000,0x00000000120b0000] byte_map_base: 0x00000000118a5000

Marking Bits: (ParMarkBitMap*) 0x00000000669eb6d0
 Begin Bits: [0x0000000012aa0000, 0x0000000014a48000)
 End Bits:   [0x0000000014a48000, 0x00000000169f0000)

Polling page: 0x0000000000240000

CodeCache: size=245760Kb used=29272Kb max_used=29284Kb free=216487Kb
 bounds [0x00000000028f0000, 0x00000000045c0000, 0x00000000118f0000]
 total_blobs=8533 nmethods=7740 adapters=704
 compilation: enabled

Compilation events (10 events):
Event: 1699.031 Thread 0x0000000058f7f000 nmethod 9981 0x0000000002cf22d0 code [0x0000000002cf2580, 0x0000000002cf3ef8]
Event: 1839.416 Thread 0x0000000058f7f000 9982   !   3       org.apache.catalina.core.ContainerBase$ContainerBackgroundProcessor::processChildren (185 bytes)
Event: 1839.418 Thread 0x0000000058f7f000 nmethod 9982 0x00000000045b0d90 code [0x00000000045b10a0, 0x00000000045b2ce8]
Event: 1839.418 Thread 0x0000000058f7f000 9983   !   3       org.apache.catalina.core.ContainerBase::backgroundProcess (168 bytes)
Event: 1839.420 Thread 0x0000000058f7f000 nmethod 9983 0x00000000045b3710 code [0x00000000045b3a00, 0x00000000045b5118]
Event: 1943.432 Thread 0x0000000058f7f000 9984       1       org.apache.catalina.core.StandardContext::getThreadBindingListener (5 bytes)
Event: 1943.432 Thread 0x0000000058f7f000 nmethod 9984 0x0000000002b43110 code [0x0000000002b43260, 0x0000000002b43370]
Event: 2012.982 Thread 0x0000000058f74000 9985       4       java.util.HashMap$Values::iterator (12 bytes)
Event: 2012.988 Thread 0x0000000058f74000 nmethod 9985 0x0000000002cf1c90 code [0x0000000002cf1de0, 0x0000000002cf20d8]
Event: 2556.471 Thread 0x0000000058f60800 9986   !   4       sun.nio.ch.SelectorImpl::processDeregisterQueue (101 bytes)

GC Heap History (10 events):
Event: 2502.414 GC heap after
Heap after GC invocations=273 (full 118):
 PSYoungGen      total 525824K, used 375038K [0x00000000d5d00000, 0x00000000ffb00000, 0x0000000100000000)
  eden space 375296K, 99% used [0x00000000d5d00000,0x00000000ecb3fa60,0x00000000ecb80000)
  from space 150528K, 0% used [0x00000000ecb80000,0x00000000ecb80000,0x00000000f5e80000)
  to   space 144896K, 0% used [0x00000000f6d80000,0x00000000f6d80000,0x00000000ffb00000)
 ParOldGen       total 1383424K, used 1383225K [0x0000000081600000, 0x00000000d5d00000, 0x00000000d5d00000)
  object space 1383424K, 99% used [0x0000000081600000,0x00000000d5cce5d0,0x00000000d5d00000)
 Metaspace       used 57747K, capacity 58512K, committed 59608K, reserved 1101824K
  class space    used 7175K, capacity 7470K, committed 7680K, reserved 1048576K
}
Event: 2502.415 GC heap before
{Heap before GC invocations=274 (full 119):
 PSYoungGen      total 525824K, used 375296K [0x00000000d5d00000, 0x00000000ffb00000, 0x0000000100000000)
  eden space 375296K, 100% used [0x00000000d5d00000,0x00000000ecb80000,0x00000000ecb80000)
  from space 150528K, 0% used [0x00000000ecb80000,0x00000000ecb80000,0x00000000f5e80000)
  to   space 144896K, 0% used [0x00000000f6d80000,0x00000000f6d80000,0x00000000ffb00000)
 ParOldGen       total 1383424K, used 1383225K [0x0000000081600000, 0x00000000d5d00000, 0x00000000d5d00000)
  object space 1383424K, 99% used [0x0000000081600000,0x00000000d5cce5d0,0x00000000d5d00000)
 Metaspace       used 57747K, capacity 58512K, committed 59608K, reserved 1101824K
  class space    used 7175K, capacity 7470K, committed 7680K, reserved 1048576K
Event: 2520.424 GC heap after
Heap after GC invocations=274 (full 119):
 PSYoungGen      total 525824K, used 375058K [0x00000000d5d00000, 0x00000000ffb00000, 0x0000000100000000)
  eden space 375296K, 99% used [0x00000000d5d00000,0x00000000ecb448c0,0x00000000ecb80000)
  from space 150528K, 0% used [0x00000000ecb80000,0x00000000ecb80000,0x00000000f5e80000)
  to   space 144896K, 0% used [0x00000000f6d80000,0x00000000f6d80000,0x00000000ffb00000)
 ParOldGen       total 1383424K, used 1383225K [0x0000000081600000, 0x00000000d5d00000, 0x00000000d5d00000)
  object space 1383424K, 99% used [0x0000000081600000,0x00000000d5cce550,0x00000000d5d00000)
 Metaspace       used 57747K, capacity 58512K, committed 59608K, reserved 1101824K
  class space    used 7175K, capacity 7470K, committed 7680K, reserved 1048576K
}
Event: 2520.425 GC heap before
{Heap before GC invocations=275 (full 120):
 PSYoungGen      total 525824K, used 375296K [0x00000000d5d00000, 0x00000000ffb00000, 0x0000000100000000)
  eden space 375296K, 100% used [0x00000000d5d00000,0x00000000ecb80000,0x00000000ecb80000)
  from space 150528K, 0% used [0x00000000ecb80000,0x00000000ecb80000,0x00000000f5e80000)
  to   space 144896K, 0% used [0x00000000f6d80000,0x00000000f6d80000,0x00000000ffb00000)
 ParOldGen       total 1383424K, used 1383225K [0x0000000081600000, 0x00000000d5d00000, 0x00000000d5d00000)
  object space 1383424K, 99% used [0x0000000081600000,0x00000000d5cce550,0x00000000d5d00000)
 Metaspace       used 57747K, capacity 58512K, committed 59608K, reserved 1101824K
  class space    used 7175K, capacity 7470K, committed 7680K, reserved 1048576K
Event: 2537.804 GC heap after
Heap after GC invocations=275 (full 120):
 PSYoungGen      total 525824K, used 375072K [0x00000000d5d00000, 0x00000000ffb00000, 0x0000000100000000)
  eden space 375296K, 99% used [0x00000000d5d00000,0x00000000ecb480e0,0x00000000ecb80000)
  from space 150528K, 0% used [0x00000000ecb80000,0x00000000ecb80000,0x00000000f5e80000)
  to   space 144896K, 0% used [0x00000000f6d80000,0x00000000f6d80000,0x00000000ffb00000)
 ParOldGen       total 1383424K, used 1383225K [0x0000000081600000, 0x00000000d5d00000, 0x00000000d5d00000)
  object space 1383424K, 99% used [0x0000000081600000,0x00000000d5cce4d0,0x00000000d5d00000)
 Metaspace       used 57747K, capacity 58512K, committed 59608K, reserved 1101824K
  class space    used 7175K, capacity 7470K, committed 7680K, reserved 1048576K
}
Event: 2537.805 GC heap before
{Heap before GC invocations=276 (full 121):
 PSYoungGen      total 525824K, used 375296K [0x00000000d5d00000, 0x00000000ffb00000, 0x0000000100000000)
  eden space 375296K, 100% used [0x00000000d5d00000,0x00000000ecb80000,0x00000000ecb80000)
  from space 150528K, 0% used [0x00000000ecb80000,0x00000000ecb80000,0x00000000f5e80000)
  to   space 144896K, 0% used [0x00000000f6d80000,0x00000000f6d80000,0x00000000ffb00000)
 ParOldGen       total 1383424K, used 1383225K [0x0000000081600000, 0x00000000d5d00000, 0x00000000d5d00000)
  object space 1383424K, 99% used [0x0000000081600000,0x00000000d5cce4d0,0x00000000d5d00000)
 Metaspace       used 57747K, capacity 58512K, committed 59608K, reserved 1101824K
  class space    used 7175K, capacity 7470K, committed 7680K, reserved 1048576K
Event: 2556.471 GC heap after
Heap after GC invocations=276 (full 121):
 PSYoungGen      total 525824K, used 375088K [0x00000000d5d00000, 0x00000000ffb00000, 0x0000000100000000)
  eden space 375296K, 99% used [0x00000000d5d00000,0x00000000ecb4c218,0x00000000ecb80000)
  from space 150528K, 0% used [0x00000000ecb80000,0x00000000ecb80000,0x00000000f5e80000)
  to   space 144896K, 0% used [0x00000000f6d80000,0x00000000f6d80000,0x00000000ffb00000)
 ParOldGen       total 1383424K, used 1383225K [0x0000000081600000, 0x00000000d5d00000, 0x00000000d5d00000)
  object space 1383424K, 99% used [0x0000000081600000,0x00000000d5cce450,0x00000000d5d00000)
 Metaspace       used 57747K, capacity 58512K, committed 59608K, reserved 1101824K
  class space    used 7175K, capacity 7470K, committed 7680K, reserved 1048576K
}
Event: 2556.472 GC heap before
{Heap before GC invocations=277 (full 122):
 PSYoungGen      total 525824K, used 375296K [0x00000000d5d00000, 0x00000000ffb00000, 0x0000000100000000)
  eden space 375296K, 100% used [0x00000000d5d00000,0x00000000ecb80000,0x00000000ecb80000)
  from space 150528K, 0% used [0x00000000ecb80000,0x00000000ecb80000,0x00000000f5e80000)
  to   space 144896K, 0% used [0x00000000f6d80000,0x00000000f6d80000,0x00000000ffb00000)
 ParOldGen       total 1383424K, used 1383225K [0x0000000081600000, 0x00000000d5d00000, 0x00000000d5d00000)
  object space 1383424K, 99% used [0x0000000081600000,0x00000000d5cce450,0x00000000d5d00000)
 Metaspace       used 57747K, capacity 58512K, committed 59608K, reserved 1101824K
  class space    used 7175K, capacity 7470K, committed 7680K, reserved 1048576K
Event: 2572.793 GC heap after
Heap after GC invocations=277 (full 122):
 PSYoungGen      total 525824K, used 375102K [0x00000000d5d00000, 0x00000000ffb00000, 0x0000000100000000)
  eden space 375296K, 99% used [0x00000000d5d00000,0x00000000ecb4fa78,0x00000000ecb80000)
  from space 150528K, 0% used [0x00000000ecb80000,0x00000000ecb80000,0x00000000f5e80000)
  to   space 144896K, 0% used [0x00000000f6d80000,0x00000000f6d80000,0x00000000ffb00000)
 ParOldGen       total 1383424K, used 1383224K [0x0000000081600000, 0x00000000d5d00000, 0x00000000d5d00000)
  object space 1383424K, 99% used [0x0000000081600000,0x00000000d5cce3d0,0x00000000d5d00000)
 Metaspace       used 57747K, capacity 58512K, committed 59608K, reserved 1101824K
  class space    used 7175K, capacity 7470K, committed 7680K, reserved 1048576K
}
Event: 2572.793 GC heap before
{Heap before GC invocations=278 (full 123):
 PSYoungGen      total 525824K, used 375296K [0x00000000d5d00000, 0x00000000ffb00000, 0x0000000100000000)
  eden space 375296K, 100% used [0x00000000d5d00000,0x00000000ecb80000,0x00000000ecb80000)
  from space 150528K, 0% used [0x00000000ecb80000,0x00000000ecb80000,0x00000000f5e80000)
  to   space 144896K, 0% used [0x00000000f6d80000,0x00000000f6d80000,0x00000000ffb00000)
 ParOldGen       total 1383424K, used 1383224K [0x0000000081600000, 0x00000000d5d00000, 0x00000000d5d00000)
  object space 1383424K, 99% used [0x0000000081600000,0x00000000d5cce3d0,0x00000000d5d00000)
 Metaspace       used 57747K, capacity 58512K, committed 59608K, reserved 1101824K
  class space    used 7175K, capacity 7470K, committed 7680K, reserved 1048576K

Deoptimization events (10 events):
Event: 659.303 Thread 0x000000005b18d800 Uncommon trap: reason=bimorphic action=maybe_recompile pc=0x0000000002ddbfac method=java.util.HashMap.removeNode(ILjava/lang/Object;Ljava/lang/Object;ZZ)Ljava/util/HashMap$Node; @ 143
Event: 667.841 Thread 0x000000005e1a0800 Uncommon trap: reason=unstable_if action=reinterpret pc=0x0000000003f4c820 method=java.util.concurrent.locks.AbstractQueuedSynchronizer.addWaiter(Ljava/util/concurrent/locks/AbstractQueuedSynchronizer$Node;)Ljava/util/concurrent/locks/AbstractQueuedSynchr
Event: 667.883 Thread 0x000000005e197000 Uncommon trap: reason=unstable_if action=reinterpret pc=0x00000000041efb20 method=java.io.BufferedWriter.flushBuffer()V @ 15
Event: 688.040 Thread 0x000000005e19f000 Uncommon trap: reason=class_check action=maybe_recompile pc=0x0000000004246b44 method=java.util.concurrent.ThreadPoolExecutor.execute(Ljava/lang/Runnable;)V @ 61
Event: 688.042 Thread 0x000000005e19d000 Uncommon trap: reason=class_check action=maybe_recompile pc=0x0000000004246b44 method=java.util.concurrent.ThreadPoolExecutor.execute(Ljava/lang/Runnable;)V @ 61
Event: 695.022 Thread 0x000000005e19d000 Uncommon trap: reason=class_check action=maybe_recompile pc=0x0000000004246b44 method=java.util.concurrent.ThreadPoolExecutor.execute(Ljava/lang/Runnable;)V @ 61
Event: 695.022 Thread 0x000000005e19f000 Uncommon trap: reason=class_check action=maybe_recompile pc=0x0000000004246b44 method=java.util.concurrent.ThreadPoolExecutor.execute(Ljava/lang/Runnable;)V @ 61
Event: 710.837 Thread 0x00000000614e2000 Uncommon trap: reason=unstable_if action=reinterpret pc=0x00000000043ad1c0 method=java.util.concurrent.locks.AbstractQueuedSynchronizer.addWaiter(Ljava/util/concurrent/locks/AbstractQueuedSynchronizer$Node;)Ljava/util/concurrent/locks/AbstractQueuedSynchr
Event: 804.429 Thread 0x000000005cadf800 Uncommon trap: reason=null_check action=make_not_entrant pc=0x00000000037095b0 method=java.lang.Class.toString()Ljava/lang/String; @ 8
Event: 804.590 Thread 0x000000005cadf800 Uncommon trap: reason=null_check action=make_not_entrant pc=0x00000000044b2168 method=org.hibernate.validator.internal.util.ReflectionHelper.isIterable(Ljava/lang/reflect/Type;)Z @ 13

Internal exceptions (10 events):
Event: 805.160 Thread 0x000000005cadf800 Exception <a 'java/lang/ClassNotFoundException': java/lang/ObjectCustomizer> (0x00000000e57f1e08) thrown at [C:\re\workspace\8-2-build-windows-amd64-cygwin\jdk8u121\8372\hotspot\src\share\vm\classfile\systemDictionary.cpp, line 210]
Event: 805.161 Thread 0x000000005cadf800 Exception <a 'java/lang/ClassNotFoundException': com/appster/abdullah/entity/BaseEntityCustomizer> (0x00000000e5809910) thrown at [C:\re\workspace\8-2-build-windows-amd64-cygwin\jdk8u121\8372\hotspot\src\share\vm\classfile\systemDictionary.cpp, line 210]
Event: 805.162 Thread 0x000000005cadf800 Exception <a 'java/lang/ClassNotFoundException': java/io/SerializableCustomizer> (0x00000000e5818c58) thrown at [C:\re\workspace\8-2-build-windows-amd64-cygwin\jdk8u121\8372\hotspot\src\share\vm\classfile\systemDictionary.cpp, line 210]
Event: 805.208 Thread 0x000000005cadf800 Exception <a 'java/lang/ClassNotFoundException': java/lang/ObjectCustomizer> (0x00000000e5edfb10) thrown at [C:\re\workspace\8-2-build-windows-amd64-cygwin\jdk8u121\8372\hotspot\src\share\vm\classfile\systemDictionary.cpp, line 210]
Event: 805.209 Thread 0x000000005cadf800 Exception <a 'java/lang/ClassNotFoundException': com/appster/abdullah/serviceImpl/UserServiceImplCustomizer> (0x00000000e5ef8628) thrown at [C:\re\workspace\8-2-build-windows-amd64-cygwin\jdk8u121\8372\hotspot\src\share\vm\classfile\systemDictionary.cpp, 
Event: 805.210 Thread 0x000000005cadf800 Exception <a 'java/lang/ClassNotFoundException': com/appster/abdullah/service/UserServiceCustomizer> (0x00000000e5f0de90) thrown at [C:\re\workspace\8-2-build-windows-amd64-cygwin\jdk8u121\8372\hotspot\src\share\vm\classfile\systemDictionary.cpp, line 210
Event: 809.688 Thread 0x000000005e19b800 Exception <a 'java/lang/ClassNotFoundException': java/lang/ObjectCustomizer> (0x00000000df3d4560) thrown at [C:\re\workspace\8-2-build-windows-amd64-cygwin\jdk8u121\8372\hotspot\src\share\vm\classfile\systemDictionary.cpp, line 210]
Event: 809.689 Thread 0x000000005e19b800 Exception <a 'java/lang/ClassNotFoundException': com/appster/abdullah/entity/BaseEntityCustomizer> (0x00000000df3efc50) thrown at [C:\re\workspace\8-2-build-windows-amd64-cygwin\jdk8u121\8372\hotspot\src\share\vm\classfile\systemDictionary.cpp, line 210]
Event: 809.690 Thread 0x000000005e19b800 Exception <a 'java/lang/ClassNotFoundException': com/appster/abdullah/entity/UserCustomizer> (0x00000000df6d9890) thrown at [C:\re\workspace\8-2-build-windows-amd64-cygwin\jdk8u121\8372\hotspot\src\share\vm\classfile\systemDictionary.cpp, line 210]
Event: 809.691 Thread 0x000000005e19b800 Exception <a 'java/lang/ClassNotFoundException': java/io/SerializableCustomizer> (0x00000000df6e9748) thrown at [C:\re\workspace\8-2-build-windows-amd64-cygwin\jdk8u121\8372\hotspot\src\share\vm\classfile\systemDictionary.cpp, line 210]

Events (10 events):
Event: 2502.414 Executing VM operation: ParallelGCFailedAllocation done
Event: 2502.415 Executing VM operation: ParallelGCFailedAllocation
Event: 2520.424 Executing VM operation: ParallelGCFailedAllocation done
Event: 2520.425 Executing VM operation: ParallelGCFailedAllocation
Event: 2537.804 Executing VM operation: ParallelGCFailedAllocation done
Event: 2537.805 Executing VM operation: ParallelGCFailedAllocation
Event: 2556.471 Executing VM operation: ParallelGCFailedAllocation done
Event: 2556.472 Executing VM operation: ParallelGCFailedAllocation
Event: 2572.793 Executing VM operation: ParallelGCFailedAllocation done
Event: 2572.793 Executing VM operation: ParallelGCFailedAllocation


Dynamic libraries:
0x000000013f4c0000 - 0x000000013f4f7000 	C:\Program Files\Java\jre1.8.0_121\bin\javaw.exe
0x0000000077360000 - 0x000000007750a000 	C:\Windows\SYSTEM32\ntdll.dll
0x0000000077140000 - 0x000000007725f000 	C:\Windows\system32\kernel32.dll
0x000007fefd3b0000 - 0x000007fefd41b000 	C:\Windows\system32\KERNELBASE.dll
0x000007feff1c0000 - 0x000007feff29b000 	C:\Windows\system32\ADVAPI32.dll
0x000007fefec30000 - 0x000007fefeccf000 	C:\Windows\system32\msvcrt.dll
0x000007fefe6d0000 - 0x000007fefe6ef000 	C:\Windows\SYSTEM32\sechost.dll
0x000007fefe790000 - 0x000007fefe8bd000 	C:\Windows\system32\RPCRT4.dll
0x0000000077260000 - 0x000000007735a000 	C:\Windows\system32\USER32.dll
0x000007feff600000 - 0x000007feff667000 	C:\Windows\system32\GDI32.dll
0x000007feff5f0000 - 0x000007feff5fe000 	C:\Windows\system32\LPK.dll
0x000007fefeeb0000 - 0x000007fefef7a000 	C:\Windows\system32\USP10.dll
0x000007fefbac0000 - 0x000007fefbcb4000 	C:\Windows\WinSxS\amd64_microsoft.windows.common-controls_6595b64144ccf1df_6.0.7601.18837_none_fa3b1e3d17594757\COMCTL32.dll
0x000007fefe650000 - 0x000007fefe6c1000 	C:\Windows\system32\SHLWAPI.dll
0x000007fefef80000 - 0x000007fefefae000 	C:\Windows\system32\IMM32.DLL
0x000007feff480000 - 0x000007feff589000 	C:\Windows\system32\MSCTF.dll
0x0000000074e40000 - 0x0000000074e79000 	C:\PROGRA~2\Sophos\SOPHOS~1\SOPHOS~2.DLL
0x0000000077530000 - 0x0000000077537000 	C:\Windows\system32\PSAPI.DLL
0x000000006ef20000 - 0x000000006eff2000 	C:\Program Files\Java\jre1.8.0_121\bin\msvcr100.dll
0x00000000661d0000 - 0x0000000066a6b000 	C:\Program Files\Java\jre1.8.0_121\bin\server\jvm.dll
0x000007fef06e0000 - 0x000007fef06e9000 	C:\Windows\system32\WSOCK32.dll
0x000007fefee60000 - 0x000007fefeead000 	C:\Windows\system32\WS2_32.dll
0x000007fefd750000 - 0x000007fefd758000 	C:\Windows\system32\NSI.dll
0x000007fefac40000 - 0x000007fefac7b000 	C:\Windows\system32\WINMM.dll
0x000007fefc260000 - 0x000007fefc26c000 	C:\Windows\system32\VERSION.dll
0x0000000071560000 - 0x000000007156f000 	C:\Program Files\Java\jre1.8.0_121\bin\verify.dll
0x000000006f0b0000 - 0x000000006f0d9000 	C:\Program Files\Java\jre1.8.0_121\bin\java.dll
0x000000006f160000 - 0x000000006f176000 	C:\Program Files\Java\jre1.8.0_121\bin\zip.dll
0x000007fefd8c0000 - 0x000007fefe649000 	C:\Windows\system32\SHELL32.dll
0x000007fefefb0000 - 0x000007feff1b3000 	C:\Windows\system32\ole32.dll
0x000007fefd0e0000 - 0x000007fefd0ef000 	C:\Windows\system32\profapi.dll
0x00000000724f0000 - 0x00000000724fd000 	C:\Program Files\Java\jre1.8.0_121\bin\management.dll
0x000000006f140000 - 0x000000006f15a000 	C:\Program Files\Java\jre1.8.0_121\bin\net.dll
0x000007fefc270000 - 0x000007fefc2a0000 	C:\ProgramData\Sophos\Web Intelligence\swi_ifslsp_64.dll
0x000007fefc870000 - 0x000007fefc8c5000 	C:\Windows\system32\mswsock.dll
0x000007fefc860000 - 0x000007fefc867000 	C:\Windows\System32\wship6.dll
0x000000006f090000 - 0x000000006f0a1000 	C:\Program Files\Java\jre1.8.0_121\bin\nio.dll
0x000007fefaae0000 - 0x000007fefaaf5000 	C:\Windows\system32\NLAapi.dll
0x000007fef8640000 - 0x000007fef8655000 	C:\Windows\system32\napinsp.dll
0x000007fef8620000 - 0x000007fef8639000 	C:\Windows\system32\pnrpnsp.dll
0x000007fefc6f0000 - 0x000007fefc74b000 	C:\Windows\system32\DNSAPI.dll
0x000007fef8610000 - 0x000007fef861b000 	C:\Windows\System32\winrnr.dll
0x000007fef8600000 - 0x000007fef8610000 	C:\Windows\system32\wshbth.dll
0x000007fefc240000 - 0x000007fefc247000 	C:\Windows\System32\wshtcpip.dll
0x000007fefbfb0000 - 0x000007fefbfd7000 	C:\Windows\system32\IPHLPAPI.DLL
0x000007fefc250000 - 0x000007fefc25b000 	C:\Windows\system32\WINNSI.DLL
0x000007fef85f0000 - 0x000007fef85f8000 	C:\Windows\system32\rasadhlp.dll
0x000007fef9e10000 - 0x000007fef9e63000 	C:\Windows\System32\fwpuclnt.dll
0x000007fefc8d0000 - 0x000007fefc8e8000 	C:\Windows\system32\CRYPTSP.dll
0x000007fefc5d0000 - 0x000007fefc617000 	C:\Windows\system32\rsaenh.dll
0x000007fefd460000 - 0x000007fefd47e000 	C:\Windows\system32\USERENV.dll
0x000007fefcf40000 - 0x000007fefcf4f000 	C:\Windows\system32\CRYPTBASE.dll
0x000007fef9d90000 - 0x000007fef9da8000 	C:\Windows\system32\dhcpcsvc.DLL
0x000007fef9d70000 - 0x000007fef9d81000 	C:\Windows\system32\dhcpcsvc6.DLL
0x000007fef8790000 - 0x000007fef88b5000 	C:\Windows\system32\dbghelp.dll

VM Arguments:
jvm_args: -Dcom.sun.management.jmxremote -Dcom.sun.management.jmxremote.port=61400 -Dcom.sun.management.jmxremote.authenticate=false -Dcom.sun.management.jmxremote.ssl=false -Dspring.liveBeansView.mbeanDomain -Dspring.application.admin.enabled=true -Dfile.encoding=UTF-8 
java_command: com.appster.abdullah.config.SpringBootWebApplication
java_class_path (initial): C:\Users\Abdullah\Downloads\spring-boot-web-thymeleaf\spring-boot-web-thymeleaf\target\classes;C:\Users\Abdullah\.m2\repository\org\springframework\boot\spring-boot-starter-thymeleaf\1.4.2.RELEASE\spring-boot-starter-thymeleaf-1.4.2.RELEASE.jar;C:\Users\Abdullah\.m2\repository\org\springframework\boot\spring-boot-starter\1.4.2.RELEASE\spring-boot-starter-1.4.2.RELEASE.jar;C:\Users\Abdullah\.m2\repository\org\springframework\boot\spring-boot-starter-logging\1.4.2.RELEASE\spring-boot-starter-logging-1.4.2.RELEASE.jar;C:\Users\Abdullah\.m2\repository\ch\qos\logback\logback-classic\1.1.7\logback-classic-1.1.7.jar;C:\Users\Abdullah\.m2\repository\ch\qos\logback\logback-core\1.1.7\logback-core-1.1.7.jar;C:\Users\Abdullah\.m2\repository\org\slf4j\jul-to-slf4j\1.7.21\jul-to-slf4j-1.7.21.jar;C:\Users\Abdullah\.m2\repository\org\slf4j\log4j-over-slf4j\1.7.21\log4j-over-slf4j-1.7.21.jar;C:\Users\Abdullah\.m2\repository\org\yaml\snakeyaml\1.17\snakeyaml-1.17.jar;C:\Users\Abdullah\.m2\repository\org\springframework\boot\spring-boot-starter-web\1.4.2.RELEASE\spring-boot-starter-web-1.4.2.RELEASE.jar;C:\Users\Abdullah\.m2\repository\org\springframework\boot\spring-boot-starter-tomcat\1.4.2.RELEASE\spring-boot-starter-tomcat-1.4.2.RELEASE.jar;C:\Users\Abdullah\.m2\repository\org\apache\tomcat\embed\tomcat-embed-core\8.5.6\tomcat-embed-core-8.5.6.jar;C:\Users\Abdullah\.m2\repository\org\apache\tomcat\embed\tomcat-embed-el\8.5.6\tomcat-embed-el-8.5.6.jar;C:\Users\Abdullah\.m2\repository\org\apache\tomcat\embed\tomcat-embed-websocket\8.5.6\tomcat-embed-websocket-8.5.6.jar;C:\Users\Abdullah\.m2\repository\org\hibernate\hibernate-validator\5.2.4.Final\hibernate-validator-5.2.4.Final.jar;C:\Users\Abdullah\.m2\repository\javax\validation\validation-api\1.1.0.Final\validation-api-1.1.0.Final.jar;C:\Users\Abdullah\.m2\repository\com\fasterxml\classmate\1.3.3\classmate-1.3.3.jar;C:\Users\Abdullah\.m2\repository\com\fasterxml\jackson\core\jackson-databind\2.8.4\ja
Launcher Type: SUN_STANDARD

Environment Variables:
JAVA_HOME=C:\Program Files\Java\jdk1.8.0_121
PATH=C:/Program Files/Java/jdk1.8.0_121/bin/../jre/bin/server;C:/Program Files/Java/jdk1.8.0_121/bin/../jre/bin;C:/Program Files/Java/jdk1.8.0_121/bin/../jre/lib/amd64;C:\Program Files\Java\jdk1.8.0_121\bin;C:\ProgramData\Oracle\Java\javapath;C:\Program Files (x86)\Intel\iCLS Client\;C:\Program Files\Intel\iCLS Client\;C:\Windows\system32;C:\Windows;C:\Windows\System32\Wbem;C:\Windows\System32\WindowsPowerShell\v1.0\;C:\Program Files\Intel\Intel(R) Management Engine Components\DAL;C:\Program Files (x86)\Intel\Intel(R) Management Engine Components\DAL;C:\Program Files\Intel\Intel(R) Management Engine Components\IPT;C:\Program Files (x86)\Intel\Intel(R) Management Engine Components\IPT;C:\Program Files\Git\cmd;D:\Softwares\apache-maven-3.3.9\bin;D:\Softwares\jboss-eap-6.1\bin;C:\Program Files\nodejs\;C:\Users\Abdullah\AppData\Roaming\npm;C:\Users\Abdullah\AppData\Local\atom\bin;D:\Softwares\eclipse;
USERNAME=Abdullah
OS=Windows_NT
PROCESSOR_IDENTIFIER=Intel64 Family 6 Model 61 Stepping 4, GenuineIntel



---------------  S Y S T E M  ---------------

OS: Windows 7 , 64 bit Build 7601 (6.1.7601.19135)

CPU:total 4 (2 cores per cpu, 2 threads per core) family 6 model 61 stepping 4, cmov, cx8, fxsr, mmx, sse, sse2, sse3, ssse3, sse4.1, sse4.2, popcnt, avx, avx2, aes, clmul, erms, 3dnowpref, lzcnt, ht, tsc, tscinvbit, bmi1, bmi2, adx

Memory: 4k page, physical 8291332k(974592k free), swap 16580828k(6341888k free)

vm_info: Java HotSpot(TM) 64-Bit Server VM (25.121-b13) for windows-amd64 JRE (1.8.0_121-b13), built on Dec 12 2016 18:21:36 by "java_re" with MS VC++ 10.0 (VS2010)

time: Sun Mar 26 20:20:21 2017
elapsed time: 9787 seconds (0d 2h 43m 7s)

